Build started 11/23/2011 6:31:37 AM.
Project "C:\Documents and Settings\Jim Bob\My Documents\Downloads\Walking_Simulation\Walking_Simulation\Simann\Simann.vcxproj" on node 2 (build target(s)).
InitializeBuildStatus:
  Touching "Debug\Simann.unsuccessfulbuild".
ClCompile:
  All outputs are up-to-date.
  C:\Program Files\Microsoft Visual Studio 10.0\VC\bin\CL.exe /c /ZI /nologo /W3 /WX- /Od /Oy- /D WIN32 /D _DEBUG /D _CONSOLE /D _CRT_SECURE_NO_WARNINGS /D _UNICODE /D UNICODE /Gm /EHsc /RTC1 /MDd /GS /fp:precise /Zc:wchar_t /Zc:forScope /Fo"Debug\\" /Fd"Debug\vc100.pdb" /Gd /TP /analyze- /errorReport:prompt ..\src\FileReadWrite.cpp
  FileReadWrite.cpp
c:\documents and settings\jim bob\my documents\downloads\walking_simulation\walking_simulation\src\filereadwrite.cpp(408): warning C4101: 'i' : unreferenced local variable
c:\documents and settings\jim bob\my documents\downloads\walking_simulation\walking_simulation\src\filereadwrite.cpp(412): warning C4101: 'opt_param_num' : unreferenced local variable
c:\documents and settings\jim bob\my documents\downloads\walking_simulation\walking_simulation\src\filereadwrite.cpp(409): warning C4101: 'fp_init' : unreferenced local variable
c:\documents and settings\jim bob\my documents\downloads\walking_simulation\walking_simulation\src\filereadwrite.cpp(409): warning C4101: 'fp_error' : unreferenced local variable
c:\documents and settings\jim bob\my documents\downloads\walking_simulation\walking_simulation\src\filereadwrite.cpp(412): warning C4101: 'm' : unreferenced local variable
c:\documents and settings\jim bob\my documents\downloads\walking_simulation\walking_simulation\src\filereadwrite.cpp(408): warning C4101: 'j' : unreferenced local variable
ManifestResourceCompile:
  All outputs are up-to-date.
Link:
  C:\Program Files\Microsoft Visual Studio 10.0\VC\bin\link.exe /ERRORREPORT:PROMPT /OUT:"C:\Documents and Settings\Jim Bob\My Documents\Downloads\Walking_Simulation\Walking_Simulation\Simann\Debug\Simann.exe" /INCREMENTAL /NOLOGO /LIBPATH:..\acpp\Debug acpp.lib kernel32.lib user32.lib gdi32.lib winspool.lib comdlg32.lib advapi32.lib shell32.lib ole32.lib oleaut32.lib uuid.lib odbc32.lib odbccp32.lib /NODEFAULTLIB:libcmtd /MANIFEST /ManifestFile:"Debug\Simann.exe.intermediate.manifest" /MANIFESTUAC:"level='asInvoker' uiAccess='false'" /DEBUG /PDB:"C:\Documents and Settings\Jim Bob\My Documents\Downloads\Walking_Simulation\Walking_Simulation\Simann\Debug\Simann.pdb" /SUBSYSTEM:CONSOLE /STACK:"2000000","2000000" /TLBID:1 /DYNAMICBASE /NXCOMPAT /IMPLIB:"C:\Documents and Settings\Jim Bob\My Documents\Downloads\Walking_Simulation\Walking_Simulation\Simann\Debug\Simann.lib" /MACHINE:X86 Debug\Simann.exe.embed.manifest.res
  Debug\assigns.obj
  Debug\BiModalPattern.obj
  Debug\CostFunc.obj
  Debug\derivs.obj
  Debug\Excitation_Functions.obj
  Debug\FileReadWrite.obj
  Debug\formain.obj
  Debug\GaussPattern.obj
  Debug\gmc.obj
  Debug\inits.obj
  Debug\invert.obj
  Debug\mathtools.obj
  Debug\model_d.obj
  Debug\model_s.obj
  Debug\pipetools.obj
  Debug\readmuscles.obj
  Debug\readtools.obj
  Debug\sdfor.obj
  Debug\sdlib.obj
  Debug\SetExcPattern_Templates.obj
  Debug\SetParamBounds.obj
  Debug\SetStructure.obj
  Debug\Simann.obj
  Debug\UpdatePattern.obj
  Debug\wrapping.obj
  "C:\Documents and Settings\Jim Bob\My Documents\Downloads\Walking_Simulation\Walking_Simulation\acpp\Debug\acpp.lib"
Manifest:
  C:\Program Files\Microsoft SDKs\Windows\v7.0A\bin\mt.exe /nologo /verbose /out:"Debug\Simann.exe.embed.manifest" /manifest Debug\Simann.exe.intermediate.manifest
  
mt.exe : general error c101008a: Failed to save the updated manifest to the file "Debug\Simann.exe.embed.manifest". The parameter is incorrect.
  
Done Building Project "C:\Documents and Settings\Jim Bob\My Documents\Downloads\Walking_Simulation\Walking_Simulation\Simann\Simann.vcxproj" (build target(s)) -- FAILED.

Build FAILED.

Time Elapsed 00:00:03.14
